#-----------------------------------------------------------
# Vivado v2018.3 (64-bit)
# SW Build 2405991 on Thu Dec  6 23:38:27 MST 2018
# IP Build 2404404 on Fri Dec  7 01:43:56 MST 2018
# Start of session at: Mon Dec 21 05:05:35 2020
# Process ID: 16252
# Current directory: C:/Users/poohc/Downloads/UNCC/GITHUB/Project
# Command line: vivado.exe -gui_launcher_event rodinguilauncherevent13372 C:\Users\poohc\Downloads\UNCC\GITHUB\Project\Project.xpr
# Log file: C:/Users/poohc/Downloads/UNCC/GITHUB/Project/vivado.log
# Journal file: C:/Users/poohc/Downloads/UNCC/GITHUB/Project\vivado.jou
#-----------------------------------------------------------
start_gui
open_project C:/Users/poohc/Downloads/UNCC/GITHUB/Project/Project.xpr
INFO: [Project 1-313] Project file moved from 'C:/Users/poohc/Project' since last save.
Scanning sources...
Finished scanning sources
INFO: [IP_Flow 19-234] Refreshing IP repositories
INFO: [IP_Flow 19-1704] No user IP repositories specified
INFO: [IP_Flow 19-2313] Loaded Vivado IP repository 'C:/Xilinx/Vivado/2018.3/data/ip'.
open_project: Time (s): cpu = 00:00:22 ; elapsed = 00:00:40 . Memory (MB): peak = 688.852 ; gain = 104.176
update_compile_order -fileset sources_1
exit
INFO: [Common 17-206] Exiting Vivado at Mon Dec 21 09:58:00 2020...
