Vivado Simulator 2018.3
Copyright 1986-1999, 2001-2018 Xilinx, Inc. All Rights Reserved.
Running: C:/Xilinx/Vivado/2018.3/bin/unwrapped/win64.o/xelab.exe -wto 680ec5b034e4499597d7e0e0518d1fee --incr --debug typical --relax --mt 2 -L xil_defaultlib -L secureip --snapshot TestBench_behav xil_defaultlib.TestBench -log elaborate.log 
Using 2 slave threads.
Starting static elaboration
Completed static elaboration
Starting simulation data flow analysis
Completed simulation data flow analysis
Time Resolution for simulation is 1ps
Compiling package std.standard
Compiling package std.textio
Compiling package ieee.std_logic_1164
Compiling package ieee.std_logic_arith
Compiling package ieee.std_logic_unsigned
Compiling package ieee.numeric_std
Compiling architecture behavioral of entity xil_defaultlib.RAMMem [rammem_default]
Compiling architecture bhv of entity xil_defaultlib.decodeA [decodea_default]
Compiling architecture bhv of entity xil_defaultlib.decodeB [decodeb_default]
Compiling architecture behavioral of entity xil_defaultlib.pe [pe_default]
Compiling architecture behavioral of entity xil_defaultlib.matrixmul [matrixmul_default]
Compiling architecture behavioral of entity xil_defaultlib.testbench
Built simulation snapshot TestBench_behav
